<?xml version="1.0" encoding="UTF-8"?>
<testng-results ignored="0" total="1" passed="1" failed="0" skipped="0">
  <reporter-output>
  </reporter-output>
  <suite started-at="2024-12-26T22:23:48 IST" name="Default suite" finished-at="2024-12-26T22:24:22 IST" duration-ms="34243">
    <groups>
    </groups>
    <test started-at="2024-12-26T22:23:48 IST" name="Default test" finished-at="2024-12-26T22:24:22 IST" duration-ms="34243">
      <class name="Slenium.Java.ScreenShots">
        <test-method is-config="true" signature="setup()[pri:0, instance:Slenium.Java.ScreenShots@1aafa419]" started-at="2024-12-26T22:23:48 IST" name="setup" finished-at="2024-12-26T22:24:02 IST" duration-ms="13483" status="PASS">
          <reporter-output>
          </reporter-output>
        </test-method> <!-- setup -->
        <test-method signature="mainTest()[pri:0, instance:Slenium.Java.ScreenShots@1aafa419]" started-at="2024-12-26T22:24:02 IST" name="mainTest" finished-at="2024-12-26T22:24:22 IST" duration-ms="20618" status="PASS">
          <reporter-output>
          </reporter-output>
        </test-method> <!-- mainTest -->
        <test-method is-config="true" signature="teardown()[pri:0, instance:Slenium.Java.ScreenShots@1aafa419]" started-at="2024-12-26T22:24:22 IST" name="teardown" finished-at="2024-12-26T22:24:22 IST" duration-ms="126" status="PASS">
          <reporter-output>
          </reporter-output>
        </test-method> <!-- teardown -->
      </class> <!-- Slenium.Java.ScreenShots -->
    </test> <!-- Default test -->
  </suite> <!-- Default suite -->
</testng-results>
